[2022-11-14T00:15:46.118041+00:00] app_logs.INFO: agente1@bng.com - login com sucesso [] []
[2022-11-14T00:22:01.079492+00:00] app_logs.INFO: agente1@bng.com - fez logout [] []
[2022-11-14T00:22:39.168546+00:00] app_logs.INFO: admin@bng.com - login com sucesso [] []
[2022-11-14T00:35:39.565622+00:00] app_logs.INFO: admin@bng.com - fez logout [] []
[2022-11-14T00:35:49.300586+00:00] app_logs.INFO: agente1@bng.com - login com sucesso [] []
[2022-11-14T00:53:54.052532+00:00] app_logs.INFO: agente1@bng.com - fez logout [] []
[2022-11-14T21:50:56.808998+00:00] app_logs.INFO: agente1@bng.com - login com sucesso [] []
[2022-11-19T23:16:52.168180+00:00] app_logs.INFO: admin@bng.com - login com sucesso [] []
[2022-11-19T23:17:05.712795+00:00] app_logs.INFO: admin@bng.com - fez logout [] []
[2022-11-19T23:17:12.968720+00:00] app_logs.INFO: agente1@bng.com - login com sucesso [] []
[2022-11-19T23:57:51.292791+00:00] app_logs.INFO: agente1@bng.com - fez logout [] []
[2022-11-19T23:58:07.572245+00:00] app_logs.INFO: agente2@bng.com - login com sucesso [] []
[2022-11-19T23:58:16.802377+00:00] app_logs.INFO: agente2@bng.com - fez logout [] []
[2022-11-20T00:03:18.658192+00:00] app_logs.INFO: agente1@bng.com - login com sucesso [] []
[2022-11-20T00:14:35.573462+00:00] app_logs.INFO: agente1@bng.com - fez logout [] []
[2022-11-20T00:14:51.277495+00:00] app_logs.INFO: agente1@bng.com - login com sucesso [] []
[2022-11-20T00:20:47.449510+00:00] app_logs.INFO: adicionou novo cliente: teste@teste.com [] []
[2022-11-20T00:22:15.455005+00:00] app_logs.INFO: agente1@bng.com - adicionou novo cliente: teste@teste.com [] []
[2022-11-20T15:12:27.804519+00:00] app_logs.INFO: agente1@bng.com - login com sucesso [] []
[2022-11-20T16:02:49.027751+00:00] app_logs.INFO: agente1@bng.com - atualizou dados do cliente ID: 2 [] []
[2022-11-20T16:03:08.697455+00:00] app_logs.INFO: agente1@bng.com - atualizou dados do cliente ID: 2 [] []
[2022-11-20T16:03:24.073034+00:00] app_logs.INFO: agente1@bng.com - atualizou dados do cliente ID: 2 [] []
[2022-11-20T16:05:44.753594+00:00] app_logs.INFO: agente1@bng.com - atualizou dados do cliente ID: 1 [] []
[2022-11-20T16:17:17.351970+00:00] app_logs.INFO: agente1@bng.com - fez logout [] []
[2022-11-20T16:20:17.933221+00:00] app_logs.INFO: admin@bng.com - login com sucesso [] []
[2022-11-20T16:20:34.264297+00:00] app_logs.INFO: admin@bng.com - fez logout [] []
[2022-11-20T16:20:47.895627+00:00] app_logs.INFO: agente1@bng.com - login com sucesso [] []
[2022-11-20T23:55:34.809838+00:00] app_logs.ERROR: atente1@bng.com - login inválido [] []
[2022-11-20T23:55:47.605301+00:00] app_logs.INFO: agente1@bng.com - login com sucesso [] []
[2022-11-21T00:40:06.008037+00:00] app_logs.INFO: joaoribeiro - Eliminado o cliente id: 1 [] []
[2022-11-21T00:40:33.128145+00:00] app_logs.INFO: agente1@bng.com - adicionou novo cliente: teste@teste.com [] []
[2022-11-21T00:40:48.498226+00:00] app_logs.INFO: agente1@bng.com - atualizou dados do cliente ID: 2 [] []
[2022-11-21T00:44:03.620704+00:00] app_logs.INFO: joaoribeiro - Eliminado o cliente id: 2 [] []
