[2022-11-14T00:15:46.118041+00:00] app_logs.INFO: agente1@bng.com - login com sucesso [] []
[2022-11-14T00:22:01.079492+00:00] app_logs.INFO: agente1@bng.com - fez logout [] []
[2022-11-14T00:22:39.168546+00:00] app_logs.INFO: admin@bng.com - login com sucesso [] []
[2022-11-14T00:35:39.565622+00:00] app_logs.INFO: admin@bng.com - fez logout [] []
[2022-11-14T00:35:49.300586+00:00] app_logs.INFO: agente1@bng.com - login com sucesso [] []
[2022-11-14T00:53:54.052532+00:00] app_logs.INFO: agente1@bng.com - fez logout [] []
[2022-11-14T21:50:56.808998+00:00] app_logs.INFO: agente1@bng.com - login com sucesso [] []
[2022-11-19T23:16:52.168180+00:00] app_logs.INFO: admin@bng.com - login com sucesso [] []
[2022-11-19T23:17:05.712795+00:00] app_logs.INFO: admin@bng.com - fez logout [] []
[2022-11-19T23:17:12.968720+00:00] app_logs.INFO: agente1@bng.com - login com sucesso [] []
[2022-11-19T23:57:51.292791+00:00] app_logs.INFO: agente1@bng.com - fez logout [] []
[2022-11-19T23:58:07.572245+00:00] app_logs.INFO: agente2@bng.com - login com sucesso [] []
[2022-11-19T23:58:16.802377+00:00] app_logs.INFO: agente2@bng.com - fez logout [] []
[2022-11-20T00:03:18.658192+00:00] app_logs.INFO: agente1@bng.com - login com sucesso [] []
[2022-11-20T00:14:35.573462+00:00] app_logs.INFO: agente1@bng.com - fez logout [] []
[2022-11-20T00:14:51.277495+00:00] app_logs.INFO: agente1@bng.com - login com sucesso [] []
[2022-11-20T00:20:47.449510+00:00] app_logs.INFO: adicionou novo cliente: teste@teste.com [] []
[2022-11-20T00:22:15.455005+00:00] app_logs.INFO: agente1@bng.com - adicionou novo cliente: teste@teste.com [] []
[2022-11-20T15:12:27.804519+00:00] app_logs.INFO: agente1@bng.com - login com sucesso [] []
[2022-11-20T16:02:49.027751+00:00] app_logs.INFO: agente1@bng.com - atualizou dados do cliente ID: 2 [] []
[2022-11-20T16:03:08.697455+00:00] app_logs.INFO: agente1@bng.com - atualizou dados do cliente ID: 2 [] []
[2022-11-20T16:03:24.073034+00:00] app_logs.INFO: agente1@bng.com - atualizou dados do cliente ID: 2 [] []
[2022-11-20T16:05:44.753594+00:00] app_logs.INFO: agente1@bng.com - atualizou dados do cliente ID: 1 [] []
[2022-11-20T16:17:17.351970+00:00] app_logs.INFO: agente1@bng.com - fez logout [] []
[2022-11-20T16:20:17.933221+00:00] app_logs.INFO: admin@bng.com - login com sucesso [] []
[2022-11-20T16:20:34.264297+00:00] app_logs.INFO: admin@bng.com - fez logout [] []
[2022-11-20T16:20:47.895627+00:00] app_logs.INFO: agente1@bng.com - login com sucesso [] []
[2022-11-20T23:55:34.809838+00:00] app_logs.ERROR: atente1@bng.com - login inválido [] []
[2022-11-20T23:55:47.605301+00:00] app_logs.INFO: agente1@bng.com - login com sucesso [] []
[2022-11-21T00:40:06.008037+00:00] app_logs.INFO: joaoribeiro - Eliminado o cliente id: 1 [] []
[2022-11-21T00:40:33.128145+00:00] app_logs.INFO: agente1@bng.com - adicionou novo cliente: teste@teste.com [] []
[2022-11-21T00:40:48.498226+00:00] app_logs.INFO: agente1@bng.com - atualizou dados do cliente ID: 2 [] []
[2022-11-21T00:44:03.620704+00:00] app_logs.INFO: joaoribeiro - Eliminado o cliente id: 2 [] []
[2022-11-21T22:44:52.211486+00:00] app_logs.INFO: agente1@bng.com - login com sucesso [] []
[2022-11-21T22:47:30.807663+00:00] app_logs.INFO: joaoribeiro - Eliminado o cliente id: 5 [] []
[2022-11-21T22:47:32.856718+00:00] app_logs.INFO: joaoribeiro - Eliminado o cliente id: 3 [] []
[2022-11-21T22:47:34.846833+00:00] app_logs.INFO: joaoribeiro - Eliminado o cliente id: 4 [] []
[2022-11-21T22:48:16.699128+00:00] app_logs.INFO: agente1@bng.com - adicionou novo cliente: teste@teste.pt [] []
[2022-11-21T23:12:17.180134+00:00] app_logs.INFO: joaoribeiro - Eliminado o cliente id: 4 [] []
[2022-11-21T23:12:17.655093+00:00] app_logs.INFO: joaoribeiro - Eliminado o cliente id: 3 [] []
[2022-11-21T23:12:18.179122+00:00] app_logs.INFO: joaoribeiro - Eliminado o cliente id: 5 [] []
[2022-11-22T20:47:01.794683+00:00] app_logs.INFO: agente1@bng.com - login com sucesso [] []
[2022-11-22T23:24:09.132539+00:00] app_logs.INFO: agente1@bng.com - login com sucesso [] []
[2022-11-23T23:25:03.335672+00:00] app_logs.INFO: agente1@bng.com - login com sucesso [] []
[2022-11-24T22:40:46.182657+00:00] app_logs.INFO: agente1@bng.com - login com sucesso [] []
[2022-11-24T22:47:51.229932+00:00] app_logs.INFO: agente1@bng.com - carregamento de ficheiro efetuado: dados_clientes_1.csv [] []
[2022-11-24T22:47:51.230951+00:00] app_logs.INFO: agente1@bng.com - report: {"total":4,"total_carregados":0,"total_nao_carregados":4} [] []
[2022-11-24T22:48:27.022960+00:00] app_logs.INFO: agente1@bng.com - carregamento de ficheiro efetuado: dados_clientes_1.csv [] []
[2022-11-24T22:48:27.023971+00:00] app_logs.INFO: agente1@bng.com - report: {"total":4,"total_carregados":2,"total_nao_carregados":2} [] []
[2022-11-24T22:48:56.264010+00:00] app_logs.ERROR: agente1@bng.com - tentou carregar um ficheiro com header incorrego: dados_clientes_1_header_invalido.csv [] []
[2022-11-24T22:57:58.604179+00:00] app_logs.INFO: agente1@bng.com - carregamento de ficheiro efetuado: dados_clientes_1.csv [] []
[2022-11-24T22:57:58.605206+00:00] app_logs.INFO: agente1@bng.com - report: {"total":4,"total_carregados":0,"total_nao_carregados":4} [] []
[2022-11-24T22:58:28.575340+00:00] app_logs.INFO: agente1@bng.com - carregamento de ficheiro efetuado: dados_clientes_1.csv [] []
[2022-11-24T22:58:28.576335+00:00] app_logs.INFO: agente1@bng.com - report: {"total":4,"total_carregados":0,"total_nao_carregados":4} [] []
[2022-11-24T22:58:42.699471+00:00] app_logs.INFO: agente1@bng.com - carregamento de ficheiro efetuado: dados_clientes_1.xlsx [] []
[2022-11-24T22:58:42.700349+00:00] app_logs.INFO: agente1@bng.com - report: {"total":4,"total_carregados":0,"total_nao_carregados":4} [] []
[2022-11-24T23:33:15.548174+00:00] app_logs.INFO: agente1@bng.com - fez download da lista de clientes para o ficheiro: output_1669332795.xlsx [] []
[2022-11-24T23:33:28.433292+00:00] app_logs.INFO: agente1@bng.com - fez download da lista de clientes para o ficheiro: output_1669332808.xlsx [] []
[2022-11-24T23:34:40.555502+00:00] app_logs.INFO: agente1@bng.com - fez download da lista de clientes para o ficheiro: output_1669332880.xlsx | total: 7 registos. [] []
[2022-11-26T00:26:24.204231+00:00] app_logs.INFO: agente1@bng.com - login com sucesso [] []
[2022-11-26T00:50:24.398201+00:00] app_logs.INFO: agente1@bng.com - fez logout [] []
[2022-11-26T00:51:02.797251+00:00] app_logs.ERROR: agente1@bng.com - login inválido [] []
[2022-11-26T00:51:13.933426+00:00] app_logs.INFO: agente1@bng.com - login com sucesso [] []
[2022-11-26T00:52:29.639275+00:00] app_logs.INFO: agente1@bng.com - password alterada com sucesso no perfil de utilizador. [] []
[2022-11-26T18:03:47.182775+00:00] app_logs.INFO: admin@bng.com - login com sucesso [] []
[2022-11-26T18:19:19.062554+00:00] app_logs.INFO: admin@bng.com - login com sucesso [] []
[2022-11-26T18:23:49.876905+00:00] app_logs.INFO: admin@bng.com - fez logout [] []
[2022-11-26T18:23:58.467687+00:00] app_logs.INFO: admin@bng.com - login com sucesso [] []
[2022-11-26T19:21:49.955157+00:00] app_logs.INFO: admin@bng.com - fez download da lista de clientes para o ficheiro: output_1669490509.xlsx | total: 0 registos. [] []
[2022-11-26T19:22:03.846085+00:00] app_logs.INFO: admin@bng.com - fez download da lista de clientes para o ficheiro: output_1669490523.xlsx | total: 0 registos. [] []
[2022-11-26T19:23:23.809166+00:00] app_logs.INFO: admin@bng.com - fez download da lista de clientes para o ficheiro: output_1669490603.xlsx | total: 4 registos. [] []
[2022-11-26T19:23:53.836469+00:00] app_logs.INFO: admin@bng.com - fez download da lista de clientes para o ficheiro: output_1669490633.xlsx | total: 4 registos. [] []
