[2024-12-03T08:53:41.261857-03:00] app_logs.ERROR: admin@bng.com - login inválido [] []
[2024-12-03T08:55:29.373709-03:00] app_logs.INFO: admin@bng.com - login com sucesso [] []
[2024-12-03T08:56:30.060634-03:00] app_logs.INFO:  - fez logout! [] []
[2024-12-03T08:57:51.815947-03:00] app_logs.INFO:  - fez logout! [] []
[2024-12-03T08:57:56.172894-03:00] app_logs.INFO:  - fez logout! [] []
[2024-12-03T08:57:58.114523-03:00] app_logs.INFO:  - fez logout! [] []
[2024-12-03T08:58:28.257882-03:00] app_logs.INFO:  - fez logout! [] []
[2024-12-03T08:58:52.279254-03:00] app_logs.INFO: agent1@bng.com - login com sucesso [] []
[2024-12-03T08:59:07.669285-03:00] app_logs.INFO:  - fez logout! [] []
[2024-12-03T09:03:50.349334-03:00] app_logs.INFO:  - fez logout! [] []
[2024-12-03T09:03:56.443184-03:00] app_logs.INFO:  - fez logout! [] []
[2024-12-03T09:04:52.920353-03:00] app_logs.INFO:  - fez logout! [] []
[2024-12-03T09:04:53.820845-03:00] app_logs.INFO:  - fez logout! [] []
[2024-12-03T09:04:54.383256-03:00] app_logs.INFO:  - fez logout! [] []
[2024-12-03T09:04:54.774450-03:00] app_logs.INFO:  - fez logout! [] []
[2024-12-03T09:04:54.942203-03:00] app_logs.INFO:  - fez logout! [] []
[2024-12-03T09:04:55.110143-03:00] app_logs.INFO:  - fez logout! [] []
[2024-12-03T09:04:55.277201-03:00] app_logs.INFO:  - fez logout! [] []
[2024-12-03T09:04:55.426477-03:00] app_logs.INFO:  - fez logout! [] []
[2024-12-03T09:04:55.585301-03:00] app_logs.INFO:  - fez logout! [] []
[2024-12-03T09:04:55.724908-03:00] app_logs.INFO:  - fez logout! [] []
[2024-12-03T09:04:55.898536-03:00] app_logs.INFO:  - fez logout! [] []
[2024-12-03T09:04:56.037152-03:00] app_logs.INFO:  - fez logout! [] []
[2024-12-03T09:04:56.204443-03:00] app_logs.INFO:  - fez logout! [] []
[2024-12-03T09:04:56.368805-03:00] app_logs.INFO:  - fez logout! [] []
[2024-12-03T09:04:56.522299-03:00] app_logs.INFO:  - fez logout! [] []
[2024-12-03T09:04:56.693238-03:00] app_logs.INFO:  - fez logout! [] []
[2024-12-03T09:05:17.561139-03:00] app_logs.INFO: agent1@bng.com - login com sucesso [] []
[2024-12-03T09:05:21.065106-03:00] app_logs.INFO:  - fez logout! [] []
[2024-12-03T09:08:27.465385-03:00] app_logs.INFO: agent1@bng.com - login com sucesso [] []
[2024-12-03T09:08:30.541169-03:00] app_logs.INFO: Usuário desconhecido fez logout. [] []
[2024-12-03T09:10:31.691875-03:00] app_logs.INFO: agent2@bng.com - login com sucesso [] []
[2024-12-03T09:11:16.399470-03:00] app_logs.INFO:  - fez logout! [] []
[2024-12-03T09:11:31.184181-03:00] app_logs.INFO: Usuário desconhecido fez logout. [] []
[2024-12-03T10:01:43.392175-03:00] app_logs.INFO: admin@bng.com - login com sucesso [] []
[2024-12-03T10:02:58.853401-03:00] app_logs.ERROR: agente1@bng.com - login inválido [] []
[2024-12-03T10:03:46.265577-03:00] app_logs.ERROR: agente1@bng.com - login inválido [] []
[2024-12-03T10:03:52.122258-03:00] app_logs.INFO: agent1@bng.com - login com sucesso [] []
